<?xml version="1.0" encoding="UTF-8"?>
<!-- Generated by org.testng.reporters.JUnitXMLReporter -->
<testsuite ignored="28" hostname="sebin" failures="1" tests="5" name="TC_FirstLevelValuation_06-Recieving packets" time="0.012" errors="0" timestamp="2024-09-04T15:48:07 IST">
  <testcase classname="com.ospyn.ktu.test.FirstLevelValuation" name="Login_as_adexam" time="0.001">
    <failure type="org.openqa.selenium.WebDriverException" message="The driver server has unexpectedly died!
Build info: version: &amp;apos;3.141.59&amp;apos;, revision: &amp;apos;e82be7d358&amp;apos;, time: &amp;apos;2018-11-14T08:17:03&amp;apos;
System info: host: &amp;apos;sebin&amp;apos;, ip: &amp;apos;127.0.1.1&amp;apos;, os.name: &amp;apos;Linux&amp;apos;, os.arch: &amp;apos;amd64&amp;apos;, os.version: &amp;apos;6.8.0-40-generic&amp;apos;, java.version: &amp;apos;17.0.7&amp;apos;
Driver info: driver.version: RemoteWebDriver">
      <![CDATA[org.openqa.selenium.WebDriverException: The driver server has unexpectedly died!
Build info: version: '3.141.59', revision: 'e82be7d358', time: '2018-11-14T08:17:03'
System info: host: 'sebin', ip: '127.0.1.1', os.name: 'Linux', os.arch: 'amd64', os.version: '6.8.0-40-generic', java.version: '17.0.7'
Driver info: driver.version: RemoteWebDriver
at org.openqa.selenium.remote.service.DriverCommandExecutor.execute(DriverCommandExecutor.java:89)
at org.openqa.selenium.remote.RemoteWebDriver.execute(RemoteWebDriver.java:552)
at org.openqa.selenium.remote.RemoteWebDriver.findElement(RemoteWebDriver.java:323)
at org.openqa.selenium.remote.RemoteWebDriver.findElementByXPath(RemoteWebDriver.java:428)
at org.openqa.selenium.By$ByXPath.findElement(By.java:353)
at org.openqa.selenium.remote.RemoteWebDriver.findElement(RemoteWebDriver.java:315)
at org.openqa.selenium.support.ui.ExpectedConditions$6.apply(ExpectedConditions.java:182)
at org.openqa.selenium.support.ui.ExpectedConditions$6.apply(ExpectedConditions.java:179)
at org.openqa.selenium.support.ui.FluentWait.until(FluentWait.java:249)
at com.ospyn.ktu.util.ViewCommonUtil.enterTextinTextField(ViewCommonUtil.java:135)
at com.ospyn.ktu.view.ViewFirstLevelValuation.adexamLogin(ViewFirstLevelValuation.java:446)
at com.ospyn.ktu.test.FirstLevelValuation.Login_as_adexam(FirstLevelValuation.java:365)
at java.base/java.util.ArrayList.forEach(ArrayList.java:1511)
Caused by: java.net.ConnectException: Failed to connect to localhost/127.0.0.1:4169
at okhttp3.internal.connection.RealConnection.connectSocket(RealConnection.java:247)
at okhttp3.internal.connection.RealConnection.connect(RealConnection.java:165)
at okhttp3.internal.connection.StreamAllocation.findConnection(StreamAllocation.java:257)
at okhttp3.internal.connection.StreamAllocation.findHealthyConnection(StreamAllocation.java:135)
at okhttp3.internal.connection.StreamAllocation.newStream(StreamAllocation.java:114)
at okhttp3.internal.connection.ConnectInterceptor.intercept(ConnectInterceptor.java:42)
at okhttp3.internal.http.RealInterceptorChain.proceed(RealInterceptorChain.java:147)
at okhttp3.internal.http.RealInterceptorChain.proceed(RealInterceptorChain.java:121)
at okhttp3.internal.cache.CacheInterceptor.intercept(CacheInterceptor.java:93)
at okhttp3.internal.http.RealInterceptorChain.proceed(RealInterceptorChain.java:147)
at okhttp3.internal.http.RealInterceptorChain.proceed(RealInterceptorChain.java:121)
at okhttp3.internal.http.BridgeInterceptor.intercept(BridgeInterceptor.java:93)
at okhttp3.internal.http.RealInterceptorChain.proceed(RealInterceptorChain.java:147)
at okhttp3.internal.http.RetryAndFollowUpInterceptor.intercept(RetryAndFollowUpInterceptor.java:126)
at okhttp3.internal.http.RealInterceptorChain.proceed(RealInterceptorChain.java:147)
at okhttp3.internal.http.RealInterceptorChain.proceed(RealInterceptorChain.java:121)
at okhttp3.RealCall.getResponseWithInterceptorChain(RealCall.java:200)
at okhttp3.RealCall.execute(RealCall.java:77)
at org.openqa.selenium.remote.internal.OkHttpClient.execute(OkHttpClient.java:103)
at org.openqa.selenium.remote.HttpCommandExecutor.execute(HttpCommandExecutor.java:155)
at org.openqa.selenium.remote.service.DriverCommandExecutor.execute(DriverCommandExecutor.java:83)
... 39 more
Caused by: java.net.ConnectException: Connection refused
at java.base/sun.nio.ch.Net.pollConnect(Native Method)
at java.base/sun.nio.ch.Net.pollConnectNow(Net.java:672)
at java.base/sun.nio.ch.NioSocketImpl.timedFinishConnect(NioSocketImpl.java:542)
at java.base/sun.nio.ch.NioSocketImpl.connect(NioSocketImpl.java:597)
at java.base/java.net.SocksSocketImpl.connect(SocksSocketImpl.java:327)
at java.base/java.net.Socket.connect(Socket.java:633)
at okhttp3.internal.platform.Platform.connectSocket(Platform.java:129)
at okhttp3.internal.connection.RealConnection.connectSocket(RealConnection.java:245)
... 59 more
... Removed 27 stack frames]]>
    </failure>
  </testcase> <!-- Login_as_adexam -->
  <testcase classname="com.ospyn.ktu.test.FirstLevelValuation" name="click_Valuation_Tab" time="0.0">
    <skipped/>
  </testcase> <!-- click_Valuation_Tab -->
  <testcase classname="com.ospyn.ktu.test.FirstLevelValuation" name="click_distribute_packets" time="0.0">
    <skipped/>
  </testcase> <!-- click_distribute_packets -->
  <testcase classname="com.ospyn.ktu.test.FirstLevelValuation" name="filters_in_distribute_packets_page" time="0.0">
    <skipped/>
  </testcase> <!-- filters_in_distribute_packets_page -->
  <testcase classname="com.ospyn.ktu.test.FirstLevelValuation" name="Receiving_packets" time="0.0">
    <skipped/>
  </testcase> <!-- Receiving_packets -->
  <testcase classname="com.ospyn.ktu.test.FirstLevelValuation" name="click_add_button_in_the_valuation_camp_page" time="0.0">
    <ignored/>
  </testcase> <!-- click_add_button_in_the_valuation_camp_page -->
  <testcase classname="com.ospyn.ktu.test.FirstLevelValuation" name="enter_marks" time="0.0">
    <ignored/>
  </testcase> <!-- enter_marks -->
  <testcase classname="com.ospyn.ktu.test.FirstLevelValuation" name="save_mark_entry_page_without_enter_mark" time="0.0">
    <ignored/>
  </testcase> <!-- save_mark_entry_page_without_enter_mark -->
  <testcase classname="com.ospyn.ktu.test.FirstLevelValuation" name="click_post_faculty_members_tab" time="0.0">
    <ignored/>
  </testcase> <!-- click_post_faculty_members_tab -->
  <testcase classname="com.ospyn.ktu.test.FirstLevelValuation" name="click_Valuation_Camp" time="0.0">
    <ignored/>
  </testcase> <!-- click_Valuation_Camp -->
  <testcase classname="com.ospyn.ktu.test.FirstLevelValuation" name="Cancelling_distributed_packets" time="0.0">
    <ignored/>
  </testcase> <!-- Cancelling_distributed_packets -->
  <testcase classname="com.ospyn.ktu.test.FirstLevelValuation" name="click_create_or_view_packets" time="0.0">
    <ignored/>
  </testcase> <!-- click_create_or_view_packets -->
  <testcase classname="com.ospyn.ktu.test.FirstLevelValuation" name="selecting_assigned_packets" time="0.0">
    <ignored/>
  </testcase> <!-- selecting_assigned_packets -->
  <testcase classname="com.ospyn.ktu.test.FirstLevelValuation" name="click_assigned_courses" time="0.0">
    <ignored/>
  </testcase> <!-- click_assigned_courses -->
  <testcase classname="com.ospyn.ktu.test.FirstLevelValuation" name="click_save_or_verify" time="0.0">
    <ignored/>
  </testcase> <!-- click_save_or_verify -->
  <testcase classname="com.ospyn.ktu.test.FirstLevelValuation" name="posting_faculty_members_page" time="0.0">
    <ignored/>
  </testcase> <!-- posting_faculty_members_page -->
  <testcase classname="com.ospyn.ktu.test.FirstLevelValuation" name="save_mark_entry_page_with_blank_details" time="0.0">
    <ignored/>
  </testcase> <!-- save_mark_entry_page_with_blank_details -->
  <testcase classname="com.ospyn.ktu.test.FirstLevelValuation" name="enter_details_of_valuation_camp" time="0.0">
    <ignored/>
  </testcase> <!-- enter_details_of_valuation_camp -->
  <testcase classname="com.ospyn.ktu.test.FirstLevelValuation" name="Revoking_returned_packets" time="0.0">
    <ignored/>
  </testcase> <!-- Revoking_returned_packets -->
  <testcase classname="com.ospyn.ktu.test.FirstLevelValuation" name="click_search_button_in_the_post_faculty_member_page" time="0.0">
    <ignored/>
  </testcase> <!-- click_search_button_in_the_post_faculty_member_page -->
  <testcase classname="com.ospyn.ktu.test.FirstLevelValuation" name="click_view_generated_false_number" time="0.0">
    <ignored/>
  </testcase> <!-- click_view_generated_false_number -->
  <testcase classname="com.ospyn.ktu.test.FirstLevelValuation" name="Packets_send_back_to_the_examiner" time="0.0">
    <ignored/>
  </testcase> <!-- Packets_send_back_to_the_examiner -->
  <testcase classname="com.ospyn.ktu.test.FirstLevelValuation" name="add_filters_in_assigned_courses_page" time="0.0">
    <ignored/>
  </testcase> <!-- add_filters_in_assigned_courses_page -->
  <testcase classname="com.ospyn.ktu.test.FirstLevelValuation" name="logout" time="0.0">
    <ignored/>
  </testcase> <!-- logout -->
  <testcase classname="com.ospyn.ktu.test.FirstLevelValuation" name="post_faculty" time="0.0">
    <ignored/>
  </testcase> <!-- post_faculty -->
  <testcase classname="com.ospyn.ktu.test.FirstLevelValuation" name="click_post_faculty_button" time="0.0">
    <ignored/>
  </testcase> <!-- click_post_faculty_button -->
  <testcase classname="com.ospyn.ktu.test.FirstLevelValuation" name="storing_false_numbers" time="0.0">
    <ignored/>
  </testcase> <!-- storing_false_numbers -->
  <testcase classname="com.ospyn.ktu.test.FirstLevelValuation" name="click_add_button" time="0.0">
    <ignored/>
  </testcase> <!-- click_add_button -->
  <testcase classname="com.ospyn.ktu.test.FirstLevelValuation" name="distribute_packets" time="0.0">
    <ignored/>
  </testcase> <!-- distribute_packets -->
  <testcase classname="com.ospyn.ktu.test.FirstLevelValuation" name="click_prepare_packets" time="0.0">
    <ignored/>
  </testcase> <!-- click_prepare_packets -->
  <testcase classname="com.ospyn.ktu.test.FirstLevelValuation" name="Login_as_faculty" time="0.0">
    <ignored/>
  </testcase> <!-- Login_as_faculty -->
  <testcase classname="com.ospyn.ktu.test.FirstLevelValuation" name="click_search_button" time="0.0">
    <ignored/>
  </testcase> <!-- click_search_button -->
  <testcase classname="com.ospyn.ktu.test.FirstLevelValuation" name="Packet_preparation_from_camp" time="0.0">
    <ignored/>
  </testcase> <!-- Packet_preparation_from_camp -->
</testsuite> <!-- TC_FirstLevelValuation_06-Recieving packets -->
