<?xml version="1.0" encoding="UTF-8"?>
<!-- Generated by org.testng.reporters.JUnitXMLReporter -->
<testsuite ignored="0" hostname="sebin" failures="1" tests="23" name="chromeTest" time="0.696" errors="0" timestamp="2024-08-28T00:46:30 IST">
  <testcase classname="com.ospyn.ktu.test.CertificateVerifications" name="@AfterMethod getResult" time="0.113">
    <failure type="java.lang.NullPointerException" message="Cannot invoke &amp;quot;com.ospyn.ktu.util.GenerateExtentReport.addScreenShotToLog(String)&amp;quot; because &amp;quot;com.ospyn.ktu.test.CertificateVerifications.report&amp;quot; is null">
      <![CDATA[java.lang.NullPointerException: Cannot invoke "com.ospyn.ktu.util.GenerateExtentReport.addScreenShotToLog(String)" because "com.ospyn.ktu.test.CertificateVerifications.report" is null
at com.ospyn.ktu.test.CertificateVerifications.getResult(CertificateVerifications.java:168)
at java.base/java.util.ArrayList.forEach(ArrayList.java:1511)
... Removed 32 stack frames]]>
    </failure>
  </testcase> <!-- @AfterMethod getResult -->
  <testcase classname="com.ospyn.ktu.test.CertificateVerifications" name="@AfterMethod getResult" time="0.0">
    <skipped/>
  </testcase> <!-- @AfterMethod getResult -->
  <testcase classname="com.ospyn.ktu.test.CertificateVerifications" name="@AfterMethod getResult" time="0.0">
    <skipped/>
  </testcase> <!-- @AfterMethod getResult -->
  <testcase classname="com.ospyn.ktu.test.CertificateVerifications" name="@AfterMethod getResult" time="0.0">
    <skipped/>
  </testcase> <!-- @AfterMethod getResult -->
  <testcase classname="com.ospyn.ktu.test.CertificateVerifications" name="@AfterMethod getResult" time="0.0">
    <skipped/>
  </testcase> <!-- @AfterMethod getResult -->
  <testcase classname="com.ospyn.ktu.test.CertificateVerifications" name="@AfterMethod getResult" time="0.0">
    <skipped/>
  </testcase> <!-- @AfterMethod getResult -->
  <testcase classname="com.ospyn.ktu.test.CertificateVerifications" name="@AfterMethod getResult" time="0.0">
    <skipped/>
  </testcase> <!-- @AfterMethod getResult -->
  <testcase classname="com.ospyn.ktu.test.CertificateVerifications" name="@AfterMethod getResult" time="0.0">
    <skipped/>
  </testcase> <!-- @AfterMethod getResult -->
  <testcase classname="com.ospyn.ktu.test.CertificateVerifications" name="@AfterMethod getResult" time="0.0">
    <skipped/>
  </testcase> <!-- @AfterMethod getResult -->
  <testcase classname="com.ospyn.ktu.test.CertificateVerifications" name="@AfterMethod getResult" time="0.0">
    <skipped/>
  </testcase> <!-- @AfterMethod getResult -->
  <testcase classname="com.ospyn.ktu.test.CertificateVerifications" name="@AfterMethod getResult" time="0.0">
    <skipped/>
  </testcase> <!-- @AfterMethod getResult -->
  <testcase classname="com.ospyn.ktu.test.CertificateVerifications" name="@AfterMethod getResult" time="0.0">
    <skipped/>
  </testcase> <!-- @AfterMethod getResult -->
  <testcase classname="com.ospyn.ktu.test.CertificateVerifications" name="@AfterMethod getResult" time="0.0">
    <skipped/>
  </testcase> <!-- @AfterMethod getResult -->
  <testcase classname="com.ospyn.ktu.test.CertificateVerifications" name="@AfterMethod getResult" time="0.0">
    <skipped/>
  </testcase> <!-- @AfterMethod getResult -->
  <testcase classname="com.ospyn.ktu.test.CertificateVerifications" name="@AfterMethod getResult" time="0.0">
    <skipped/>
  </testcase> <!-- @AfterMethod getResult -->
  <testcase classname="com.ospyn.ktu.test.CertificateVerifications" name="@AfterMethod getResult" time="0.0">
    <skipped/>
  </testcase> <!-- @AfterMethod getResult -->
  <testcase classname="com.ospyn.ktu.test.CertificateVerifications" name="@AfterMethod getResult" time="0.0">
    <skipped/>
  </testcase> <!-- @AfterMethod getResult -->
  <testcase classname="com.ospyn.ktu.test.CertificateVerifications" name="@AfterMethod getResult" time="0.0">
    <skipped/>
  </testcase> <!-- @AfterMethod getResult -->
  <testcase classname="com.ospyn.ktu.test.CertificateVerifications" name="@AfterMethod getResult" time="0.0">
    <skipped/>
  </testcase> <!-- @AfterMethod getResult -->
  <testcase classname="com.ospyn.ktu.test.CertificateVerifications" name="@AfterMethod getResult" time="0.0">
    <skipped/>
  </testcase> <!-- @AfterMethod getResult -->
  <testcase classname="com.ospyn.ktu.test.CertificateVerifications" name="@AfterMethod getResult" time="0.0">
    <skipped/>
  </testcase> <!-- @AfterMethod getResult -->
  <testcase classname="com.ospyn.ktu.test.CertificateVerifications" name="@AfterMethod getResult" time="0.0">
    <skipped/>
  </testcase> <!-- @AfterMethod getResult -->
  <testcase classname="com.ospyn.ktu.test.CertificateVerifications" name="@AfterMethod getResult" time="0.0">
    <skipped/>
  </testcase> <!-- @AfterMethod getResult -->
  <testcase classname="com.ospyn.ktu.test.CertificateVerifications" name="HFCertificateVerification" time="0.004">
    <failure type="java.lang.ArrayIndexOutOfBoundsException" message="Index 1 out of bounds for length 1">
      <![CDATA[java.lang.ArrayIndexOutOfBoundsException: Index 1 out of bounds for length 1
at com.ospyn.ktu.test.CertificateVerifications.HFCertificateVerification(CertificateVerifications.java:103)
at java.base/java.util.ArrayList.forEach(ArrayList.java:1511)
... Removed 27 stack frames]]>
    </failure>
  </testcase> <!-- HFCertificateVerification -->
  <testcase classname="com.ospyn.ktu.test.CertificateVerifications" name="multipleStudentsCompletedStatus" time="0.0">
    <skipped/>
  </testcase> <!-- multipleStudentsCompletedStatus -->
  <testcase classname="com.ospyn.ktu.test.CertificateVerifications" name="multipleStudentsCompletedStatus" time="0.0">
    <skipped/>
  </testcase> <!-- multipleStudentsCompletedStatus -->
  <testcase classname="com.ospyn.ktu.test.CertificateVerifications" name="multipleStudentsCompletedStatus" time="0.0">
    <skipped/>
  </testcase> <!-- multipleStudentsCompletedStatus -->
  <testcase classname="com.ospyn.ktu.test.CertificateVerifications" name="multipleStudentsIncompleteStatus" time="0.0">
    <skipped/>
  </testcase> <!-- multipleStudentsIncompleteStatus -->
  <testcase classname="com.ospyn.ktu.test.CertificateVerifications" name="multipleStudentsIncompleteStatus" time="0.0">
    <skipped/>
  </testcase> <!-- multipleStudentsIncompleteStatus -->
  <testcase classname="com.ospyn.ktu.test.CertificateVerifications" name="multipleStudentsIncompleteStatus" time="0.0">
    <skipped/>
  </testcase> <!-- multipleStudentsIncompleteStatus -->
  <testcase classname="com.ospyn.ktu.test.CertificateVerifications" name="multipleStudentsIncompleteStatus" time="0.0">
    <skipped/>
  </testcase> <!-- multipleStudentsIncompleteStatus -->
  <testcase classname="com.ospyn.ktu.test.CertificateVerifications" name="multipleStudentsIncompleteStatus" time="0.0">
    <skipped/>
  </testcase> <!-- multipleStudentsIncompleteStatus -->
  <testcase classname="com.ospyn.ktu.test.CertificateVerifications" name="multipleStudentsIncompleteStatus" time="0.0">
    <skipped/>
  </testcase> <!-- multipleStudentsIncompleteStatus -->
  <testcase classname="com.ospyn.ktu.test.CertificateVerifications" name="multipleStudentsIncompleteStatus" time="0.0">
    <skipped/>
  </testcase> <!-- multipleStudentsIncompleteStatus -->
  <testcase classname="com.ospyn.ktu.test.CertificateVerifications" name="multipleStudentsIncompleteStatus" time="0.0">
    <skipped/>
  </testcase> <!-- multipleStudentsIncompleteStatus -->
  <testcase classname="com.ospyn.ktu.test.CertificateVerifications" name="multipleStudentsIncompleteStatus" time="0.001">
    <skipped/>
  </testcase> <!-- multipleStudentsIncompleteStatus -->
  <testcase classname="com.ospyn.ktu.test.CertificateVerifications" name="multipleStudentsIncompleteStatus" time="0.0">
    <skipped/>
  </testcase> <!-- multipleStudentsIncompleteStatus -->
  <testcase classname="com.ospyn.ktu.test.CertificateVerifications" name="multipleStudentsIncompleteStatus" time="0.0">
    <skipped/>
  </testcase> <!-- multipleStudentsIncompleteStatus -->
  <testcase classname="com.ospyn.ktu.test.CertificateVerifications" name="multipleStudentsIncompleteStatus" time="0.0">
    <skipped/>
  </testcase> <!-- multipleStudentsIncompleteStatus -->
  <testcase classname="com.ospyn.ktu.test.CertificateVerifications" name="multipleStudentsIncompleteStatus" time="0.0">
    <skipped/>
  </testcase> <!-- multipleStudentsIncompleteStatus -->
  <testcase classname="com.ospyn.ktu.test.CertificateVerifications" name="multipleStudentsIncompleteStatus" time="0.0">
    <skipped/>
  </testcase> <!-- multipleStudentsIncompleteStatus -->
  <testcase classname="com.ospyn.ktu.test.CertificateVerifications" name="multipleStudentsIncompleteStatus" time="0.0">
    <skipped/>
  </testcase> <!-- multipleStudentsIncompleteStatus -->
  <testcase classname="com.ospyn.ktu.test.CertificateVerifications" name="multipleStudentsIncompleteStatus" time="0.0">
    <skipped/>
  </testcase> <!-- multipleStudentsIncompleteStatus -->
  <testcase classname="com.ospyn.ktu.test.CertificateVerifications" name="multipleStudentsIncompleteStatus" time="0.0">
    <skipped/>
  </testcase> <!-- multipleStudentsIncompleteStatus -->
  <testcase classname="com.ospyn.ktu.test.CertificateVerifications" name="multipleStudentsIncompleteStatus" time="0.0">
    <skipped/>
  </testcase> <!-- multipleStudentsIncompleteStatus -->
  <testcase classname="com.ospyn.ktu.test.CertificateVerifications" name="multipleStudentsIncompleteStatus" time="0.0">
    <skipped/>
  </testcase> <!-- multipleStudentsIncompleteStatus -->
</testsuite> <!-- chromeTest -->
