<?xml version="1.0" encoding="UTF-8"?>
<!-- Generated by org.testng.reporters.JUnitXMLReporter -->
<testsuite ignored="4" hostname="sebin" failures="1" tests="2" name="Fee_Waiver" time="23.504" errors="0" timestamp="2025-01-31T14:56:10 IST">
  <testcase classname="com.ospyn.ktu.test.FeeWaiver" name="loginAsKtusupport" time="7.625"/>
  <testcase classname="com.ospyn.ktu.test.FeeWaiver" name="AddFeeWaiver" time="15.72">
    <failure type="org.openqa.selenium.ElementClickInterceptedException" message="element click intercepted: Element &amp;lt;a href=&amp;quot;/university/eu/uty/feeWaiver.htm?feeWaiverId=%2B%2Bldw0fi332sZLII2urWn8qw%2BAi5jKqHvBf434EGAMk%3D&amp;amp;amp;feeId=PXdmDT8r%2FiGoZ5eYLniV2IqN%2B6pEx3RzZxpOEj%2Bkwbs%3D&amp;quot; data-toggle=&amp;quot;tooltip&amp;quot; class=&amp;quot;btn btn-warning btn-xs&amp;quot; data-original-title=&amp;quot;Edit Fee Waiver&amp;quot;&amp;gt;...&amp;lt;/a&amp;gt; is not clickable at point (1302, 603). Other element would receive the click: &amp;lt;p class=&amp;quot;text-muted footer&amp;quot; align=&amp;quot;center&amp;quot;&amp;gt;...&amp;lt;/p&amp;gt;
  (Session info: chrome=127.0.6533.99)
Build info: version: &amp;apos;3.141.59&amp;apos;, revision: &amp;apos;e82be7d358&amp;apos;, time: &amp;apos;2018-11-14T08:17:03&amp;apos;
System info: host: &amp;apos;sebin&amp;apos;, ip: &amp;apos;127.0.1.1&amp;apos;, os.name: &amp;apos;Linux&amp;apos;, os.arch: &amp;apos;amd64&amp;apos;, os.version: &amp;apos;6.8.0-52-generic&amp;apos;, java.version: &amp;apos;17.0.7&amp;apos;
Driver info: org.openqa.selenium.chrome.ChromeDriver
Capabilities {acceptInsecureCerts: false, browserName: chrome, browserVersion: 127.0.6533.99, chrome: {chromedriverVersion: 127.0.6533.99 (f31af5097d90..., userDataDir: /tmp/.org.chromium.Chromium...}, fedcm:accounts: true, goog:chromeOptions: {debuggerAddress: localhost:40051}, javascriptEnabled: true, networkConnectionEnabled: false, pageLoadStrategy: normal, platform: LINUX, platformName: LINUX, proxy: Proxy(), setWindowRect: true, strictFileInteractability: false, timeouts: {implicit: 0, pageLoad: 300000, script: 30000}, unhandledPromptBehavior: dismiss and notify, webauthn:extension:credBlob: true, webauthn:extension:largeBlob: true, webauthn:extension:minPinLength: true, webauthn:extension:prf: true, webauthn:virtualAuthenticators: true}
Session ID: f53cf6b6b8b2ac84659f4ca1d583cc97">
      <![CDATA[org.openqa.selenium.ElementClickInterceptedException: element click intercepted: Element <a href="/university/eu/uty/feeWaiver.htm?feeWaiverId=%2B%2Bldw0fi332sZLII2urWn8qw%2BAi5jKqHvBf434EGAMk%3D&amp;feeId=PXdmDT8r%2FiGoZ5eYLniV2IqN%2B6pEx3RzZxpOEj%2Bkwbs%3D" data-toggle="tooltip" class="btn btn-warning btn-xs" data-original-title="Edit Fee Waiver">...</a> is not clickable at point (1302, 603). Other element would receive the click: <p class="text-muted footer" align="center">...</p>
  (Session info: chrome=127.0.6533.99)
Build info: version: '3.141.59', revision: 'e82be7d358', time: '2018-11-14T08:17:03'
System info: host: 'sebin', ip: '127.0.1.1', os.name: 'Linux', os.arch: 'amd64', os.version: '6.8.0-52-generic', java.version: '17.0.7'
Driver info: org.openqa.selenium.chrome.ChromeDriver
Capabilities {acceptInsecureCerts: false, browserName: chrome, browserVersion: 127.0.6533.99, chrome: {chromedriverVersion: 127.0.6533.99 (f31af5097d90..., userDataDir: /tmp/.org.chromium.Chromium...}, fedcm:accounts: true, goog:chromeOptions: {debuggerAddress: localhost:40051}, javascriptEnabled: true, networkConnectionEnabled: false, pageLoadStrategy: normal, platform: LINUX, platformName: LINUX, proxy: Proxy(), setWindowRect: true, strictFileInteractability: false, timeouts: {implicit: 0, pageLoad: 300000, script: 30000}, unhandledPromptBehavior: dismiss and notify, webauthn:extension:credBlob: true, webauthn:extension:largeBlob: true, webauthn:extension:minPinLength: true, webauthn:extension:prf: true, webauthn:virtualAuthenticators: true}
Session ID: f53cf6b6b8b2ac84659f4ca1d583cc97
at org.openqa.selenium.remote.http.W3CHttpResponseCodec.createException(W3CHttpResponseCodec.java:187)
at org.openqa.selenium.remote.http.W3CHttpResponseCodec.decode(W3CHttpResponseCodec.java:122)
at org.openqa.selenium.remote.http.W3CHttpResponseCodec.decode(W3CHttpResponseCodec.java:49)
at org.openqa.selenium.remote.HttpCommandExecutor.execute(HttpCommandExecutor.java:158)
at org.openqa.selenium.remote.service.DriverCommandExecutor.execute(DriverCommandExecutor.java:83)
at org.openqa.selenium.remote.RemoteWebDriver.execute(RemoteWebDriver.java:552)
at org.openqa.selenium.remote.RemoteWebElement.execute(RemoteWebElement.java:285)
at org.openqa.selenium.remote.RemoteWebElement.click(RemoteWebElement.java:84)
at org.openqa.selenium.support.pagefactory.internal.LocatingElementHandler.invoke(LocatingElementHandler.java:51)
at jdk.proxy2/jdk.proxy2.$Proxy13.click(Unknown Source)
at com.ospyn.ktu.view.ViewFeeWaiver.addFeeWaiver(ViewFeeWaiver.java:191)
at com.ospyn.ktu.test.FeeWaiver.AddFeeWaiver(FeeWaiver.java:185)
at java.base/java.util.ArrayList.forEach(ArrayList.java:1511)
... Removed 36 stack frames]]>
    </failure>
  </testcase> <!-- AddFeeWaiver -->
  <testcase classname="com.ospyn.ktu.test.FeeWaiver" name="loginAsInstitue" time="0.0">
    <ignored/>
  </testcase> <!-- loginAsInstitue -->
  <testcase classname="com.ospyn.ktu.test.FeeWaiver" name="verifyAmtAndDescription" time="0.0">
    <ignored/>
  </testcase> <!-- verifyAmtAndDescription -->
  <testcase classname="com.ospyn.ktu.test.FeeWaiver" name="addAdditionalFeeCollection" time="0.0">
    <ignored/>
  </testcase> <!-- addAdditionalFeeCollection -->
  <testcase classname="com.ospyn.ktu.test.FeeWaiver" name="logout" time="0.0">
    <ignored/>
  </testcase> <!-- logout -->
</testsuite> <!-- Fee_Waiver -->
