<?xml version="1.0" encoding="UTF-8"?>
<!-- Generated by org.testng.reporters.JUnitXMLReporter -->
<testsuite ignored="3" hostname="sebin" failures="1" tests="3" name="Mark Correction-Performing the login as student after Performing mark correction" time="18.91" errors="0" timestamp="2024-11-06T15:48:20 IST">
  <testcase classname="com.ospyn.ktu.test.ResultCorrection" name="Login_as_Student" time="7.472"/>
  <testcase classname="com.ospyn.ktu.test.ResultCorrection" name="Perform_Student_Actions2" time="4.107">
    <failure type="java.lang.AssertionError" message="expected [F] but found [B]">
      <![CDATA[java.lang.AssertionError: expected [F] but found [B]
at com.ospyn.ktu.view.ViewResultCorrection.performStudentActions2(ViewResultCorrection.java:76)
at com.ospyn.ktu.test.ResultCorrection.Perform_Student_Actions2(ResultCorrection.java:94)
at java.base/java.util.ArrayList.forEach(ArrayList.java:1511)
... Removed 33 stack frames]]>
    </failure>
  </testcase> <!-- Perform_Student_Actions2 -->
  <testcase classname="com.ospyn.ktu.test.ResultCorrection" name="Log_Out" time="7.221"/>
  <testcase classname="com.ospyn.ktu.test.ResultCorrection" name="Login_as_AdExam" time="0.0">
    <ignored/>
  </testcase> <!-- Login_as_AdExam -->
  <testcase classname="com.ospyn.ktu.test.ResultCorrection" name="Perform_Action" time="0.0">
    <ignored/>
  </testcase> <!-- Perform_Action -->
  <testcase classname="com.ospyn.ktu.test.ResultCorrection" name="Perform_Student_Actions1" time="0.0">
    <ignored/>
  </testcase> <!-- Perform_Student_Actions1 -->
</testsuite> <!-- Mark Correction-Performing the login as student after Performing mark correction -->
