<?xml version="1.0" encoding="UTF-8"?>
<!-- Generated by org.testng.reporters.JUnitXMLReporter -->
<testsuite ignored="6" hostname="sebin" failures="1" tests="1" name="page loading" time="0.151" errors="0" timestamp="2024-11-05T11:44:25 IST">
  <testcase classname="com.ospyn.ktu.test.Login" name="@AfterMethod getResult" time="0.11">
    <failure type="java.lang.NullPointerException" message="Cannot invoke &amp;quot;com.relevantcodes.extentreports.ExtentTest.addScreenCapture(String)&amp;quot; because &amp;quot;com.ospyn.ktu.util.GenerateExtentReport.test&amp;quot; is null">
      <![CDATA[java.lang.NullPointerException: Cannot invoke "com.relevantcodes.extentreports.ExtentTest.addScreenCapture(String)" because "com.ospyn.ktu.util.GenerateExtentReport.test" is null
at com.ospyn.ktu.util.GenerateExtentReport.addScreenShotToLog(GenerateExtentReport.java:40)
at com.ospyn.ktu.test.Login.getResult(Login.java:180)
at java.base/java.util.ArrayList.forEach(ArrayList.java:1511)
... Removed 32 stack frames]]>
    </failure>
  </testcase> <!-- @AfterMethod getResult -->
  <testcase classname="com.ospyn.ktu.test.Login" name="ktu_Page_Loaded" time="0.005">
    <failure type="java.lang.ArrayIndexOutOfBoundsException" message="Index 1 out of bounds for length 1">
      <![CDATA[java.lang.ArrayIndexOutOfBoundsException: Index 1 out of bounds for length 1
at com.ospyn.ktu.test.Login.ktu_Page_Loaded(Login.java:86)
at java.base/java.util.ArrayList.forEach(ArrayList.java:1511)
... Removed 27 stack frames]]>
    </failure>
  </testcase> <!-- ktu_Page_Loaded -->
  <testcase classname="com.ospyn.ktu.test.Login" name="next_College" time="0.0">
    <ignored/>
  </testcase> <!-- next_College -->
  <testcase classname="com.ospyn.ktu.test.Login" name="click_logOut" time="0.0">
    <ignored/>
  </testcase> <!-- click_logOut -->
  <testcase classname="com.ospyn.ktu.test.Login" name="login_With_Excel" time="0.0">
    <ignored/>
  </testcase> <!-- login_With_Excel -->
  <testcase classname="com.ospyn.ktu.test.Login" name="click_Login_Button" time="0.0">
    <ignored/>
  </testcase> <!-- click_Login_Button -->
  <testcase classname="com.ospyn.ktu.test.Login" name="loginUser" time="0.0">
    <ignored/>
  </testcase> <!-- loginUser -->
  <testcase classname="com.ospyn.ktu.test.Login" name="validate_Login_Success" time="0.0">
    <ignored/>
  </testcase> <!-- validate_Login_Success -->
</testsuite> <!-- page loading -->
