<?xml version="1.0" encoding="UTF-8"?>
<!-- Generated by org.testng.reporters.JUnitXMLReporter -->
<testsuite ignored="39" hostname="sebin" failures="3" tests="8" name="TC_Course_Selection_01-Academic course selection for a branch after selecting courses in slots" time="181.809" errors="0" timestamp="2024-12-26T11:41:40 IST">
  <testcase classname="com.ospyn.ktu.test.CourseSelection" name="click_AcademicsTab" time="2.2"/>
  <testcase classname="com.ospyn.ktu.test.CourseSelection" name="click_Course_Details" time="2.179"/>
  <testcase classname="com.ospyn.ktu.test.CourseSelection" name="course_Selection_Details_RequestType" time="6.752"/>
  <testcase classname="com.ospyn.ktu.test.CourseSelection" name="click_Search" time="3.16"/>
  <testcase classname="com.ospyn.ktu.test.CourseSelection" name="choose_Course" time="50.079">
    <failure type="org.openqa.selenium.TimeoutException" message="Expected condition failed: waiting for visibility of element located by By.xpath: //a[@class=&amp;apos;list-group-item active &amp;apos;]//following::a[text()=&amp;apos;Choose Courses (Not done yet)&amp;apos;] (tried for 15 second(s) with 50 milliseconds interval)">
      <![CDATA[org.openqa.selenium.TimeoutException: Expected condition failed: waiting for visibility of element located by By.xpath: //a[@class='list-group-item active ']//following::a[text()='Choose Courses (Not done yet)'] (tried for 15 second(s) with 50 milliseconds interval)
at org.openqa.selenium.support.ui.WebDriverWait.timeoutException(WebDriverWait.java:95)
at org.openqa.selenium.support.ui.FluentWait.until(FluentWait.java:272)
at com.ospyn.ktu.view.ViewCourseSelection.getChooseCourseButton(ViewCourseSelection.java:198)
at com.ospyn.ktu.test.CourseSelection.choose_Course(CourseSelection.java:205)
at java.base/java.util.ArrayList.forEach(ArrayList.java:1511)
Caused by: org.openqa.selenium.NoSuchElementException: no such element: Unable to locate element: {"method":"xpath","selector":"//a[@class='list-group-item active ']//following::a[text()='Choose Courses (Not done yet)']"}
  (Session info: chrome=127.0.6533.99)
For documentation on this error, please visit: https://www.seleniumhq.org/exceptions/no_such_element.html
Build info: version: '3.141.59', revision: 'e82be7d358', time: '2018-11-14T08:17:03'
System info: host: 'sebin', ip: '127.0.1.1', os.name: 'Linux', os.arch: 'amd64', os.version: '6.8.0-49-generic', java.version: '17.0.7'
Driver info: org.openqa.selenium.chrome.ChromeDriver
Capabilities {acceptInsecureCerts: false, browserName: chrome, browserVersion: 127.0.6533.99, chrome: {chromedriverVersion: 127.0.6533.99 (f31af5097d90..., userDataDir: /tmp/.org.chromium.Chromium...}, fedcm:accounts: true, goog:chromeOptions: {debuggerAddress: localhost:46279}, javascriptEnabled: true, networkConnectionEnabled: false, pageLoadStrategy: normal, platform: LINUX, platformName: LINUX, proxy: Proxy(), setWindowRect: true, strictFileInteractability: false, timeouts: {implicit: 0, pageLoad: 300000, script: 30000}, unhandledPromptBehavior: dismiss and notify, webauthn:extension:credBlob: true, webauthn:extension:largeBlob: true, webauthn:extension:minPinLength: true, webauthn:extension:prf: true, webauthn:virtualAuthenticators: true}
Session ID: 4561f3685b172a94797f17f8d5d0dffb
*** Element info: {Using=xpath, value=//a[@class='list-group-item active ']//following::a[text()='Choose Courses (Not done yet)']}
at org.openqa.selenium.remote.http.W3CHttpResponseCodec.createException(W3CHttpResponseCodec.java:187)
at org.openqa.selenium.remote.http.W3CHttpResponseCodec.decode(W3CHttpResponseCodec.java:122)
at org.openqa.selenium.remote.http.W3CHttpResponseCodec.decode(W3CHttpResponseCodec.java:49)
at org.openqa.selenium.remote.HttpCommandExecutor.execute(HttpCommandExecutor.java:158)
at org.openqa.selenium.remote.service.DriverCommandExecutor.execute(DriverCommandExecutor.java:83)
at org.openqa.selenium.remote.RemoteWebDriver.execute(RemoteWebDriver.java:552)
at org.openqa.selenium.remote.RemoteWebDriver.findElement(RemoteWebDriver.java:323)
at org.openqa.selenium.remote.RemoteWebDriver.findElementByXPath(RemoteWebDriver.java:428)
at org.openqa.selenium.By$ByXPath.findElement(By.java:353)
at org.openqa.selenium.remote.RemoteWebDriver.findElement(RemoteWebDriver.java:315)
at org.openqa.selenium.support.ui.ExpectedConditions$7.apply(ExpectedConditions.java:205)
at org.openqa.selenium.support.ui.ExpectedConditions$7.apply(ExpectedConditions.java:201)
at org.openqa.selenium.support.ui.FluentWait.until(FluentWait.java:249)
... 30 more
... Removed 32 stack frames]]>
    </failure>
  </testcase> <!-- choose_Course -->
  <testcase classname="com.ospyn.ktu.test.CourseSelection" name="course_Slots" time="16.011"/>
  <testcase classname="com.ospyn.ktu.test.CourseSelection" name="click_Save" time="51.078">
    <failure type="org.openqa.selenium.TimeoutException" message="Expected condition failed: waiting for visibility of element located by By.id: courseSelectionForm_save (tried for 15 second(s) with 50 milliseconds interval)">
      <![CDATA[org.openqa.selenium.TimeoutException: Expected condition failed: waiting for visibility of element located by By.id: courseSelectionForm_save (tried for 15 second(s) with 50 milliseconds interval)
at org.openqa.selenium.support.ui.WebDriverWait.timeoutException(WebDriverWait.java:95)
at org.openqa.selenium.support.ui.FluentWait.until(FluentWait.java:272)
at com.ospyn.ktu.view.ViewCourseSelection.getSaveButton(ViewCourseSelection.java:210)
at com.ospyn.ktu.test.CourseSelection.click_Save(CourseSelection.java:236)
at java.base/java.util.ArrayList.forEach(ArrayList.java:1511)
Caused by: org.openqa.selenium.NoSuchElementException: no such element: Unable to locate element: {"method":"css selector","selector":"#courseSelectionForm_save"}
  (Session info: chrome=127.0.6533.99)
For documentation on this error, please visit: https://www.seleniumhq.org/exceptions/no_such_element.html
Build info: version: '3.141.59', revision: 'e82be7d358', time: '2018-11-14T08:17:03'
System info: host: 'sebin', ip: '127.0.1.1', os.name: 'Linux', os.arch: 'amd64', os.version: '6.8.0-49-generic', java.version: '17.0.7'
Driver info: org.openqa.selenium.chrome.ChromeDriver
Capabilities {acceptInsecureCerts: false, browserName: chrome, browserVersion: 127.0.6533.99, chrome: {chromedriverVersion: 127.0.6533.99 (f31af5097d90..., userDataDir: /tmp/.org.chromium.Chromium...}, fedcm:accounts: true, goog:chromeOptions: {debuggerAddress: localhost:46279}, javascriptEnabled: true, networkConnectionEnabled: false, pageLoadStrategy: normal, platform: LINUX, platformName: LINUX, proxy: Proxy(), setWindowRect: true, strictFileInteractability: false, timeouts: {implicit: 0, pageLoad: 300000, script: 30000}, unhandledPromptBehavior: dismiss and notify, webauthn:extension:credBlob: true, webauthn:extension:largeBlob: true, webauthn:extension:minPinLength: true, webauthn:extension:prf: true, webauthn:virtualAuthenticators: true}
Session ID: 4561f3685b172a94797f17f8d5d0dffb
*** Element info: {Using=id, value=courseSelectionForm_save}
at org.openqa.selenium.remote.http.W3CHttpResponseCodec.createException(W3CHttpResponseCodec.java:187)
at org.openqa.selenium.remote.http.W3CHttpResponseCodec.decode(W3CHttpResponseCodec.java:122)
at org.openqa.selenium.remote.http.W3CHttpResponseCodec.decode(W3CHttpResponseCodec.java:49)
at org.openqa.selenium.remote.HttpCommandExecutor.execute(HttpCommandExecutor.java:158)
at org.openqa.selenium.remote.service.DriverCommandExecutor.execute(DriverCommandExecutor.java:83)
at org.openqa.selenium.remote.RemoteWebDriver.execute(RemoteWebDriver.java:552)
at org.openqa.selenium.remote.RemoteWebDriver.findElement(RemoteWebDriver.java:323)
at org.openqa.selenium.remote.RemoteWebDriver.findElementById(RemoteWebDriver.java:372)
at org.openqa.selenium.By$ById.findElement(By.java:188)
at org.openqa.selenium.remote.RemoteWebDriver.findElement(RemoteWebDriver.java:315)
at org.openqa.selenium.support.ui.ExpectedConditions$7.apply(ExpectedConditions.java:205)
at org.openqa.selenium.support.ui.ExpectedConditions$7.apply(ExpectedConditions.java:201)
at org.openqa.selenium.support.ui.FluentWait.until(FluentWait.java:249)
... 30 more
... Removed 32 stack frames]]>
    </failure>
  </testcase> <!-- click_Save -->
  <testcase classname="com.ospyn.ktu.test.CourseSelection" name="validate_Saved_Success" time="50.034">
    <failure type="org.openqa.selenium.TimeoutException" message="Expected condition failed: waiting for visibility of element located by By.xpath: //div[text()=&amp;apos;Saved Successfully&amp;apos;] (tried for 15 second(s) with 50 milliseconds interval)">
      <![CDATA[org.openqa.selenium.TimeoutException: Expected condition failed: waiting for visibility of element located by By.xpath: //div[text()='Saved Successfully'] (tried for 15 second(s) with 50 milliseconds interval)
at org.openqa.selenium.support.ui.WebDriverWait.timeoutException(WebDriverWait.java:95)
at org.openqa.selenium.support.ui.FluentWait.until(FluentWait.java:272)
at com.ospyn.ktu.view.ViewCourseSelection.showSavedMessage(ViewCourseSelection.java:289)
at com.ospyn.ktu.test.CourseSelection.validate_Saved_Success(CourseSelection.java:299)
at java.base/java.util.ArrayList.forEach(ArrayList.java:1511)
Caused by: org.openqa.selenium.NoSuchElementException: no such element: Unable to locate element: {"method":"xpath","selector":"//div[text()='Saved Successfully']"}
  (Session info: chrome=127.0.6533.99)
For documentation on this error, please visit: https://www.seleniumhq.org/exceptions/no_such_element.html
Build info: version: '3.141.59', revision: 'e82be7d358', time: '2018-11-14T08:17:03'
System info: host: 'sebin', ip: '127.0.1.1', os.name: 'Linux', os.arch: 'amd64', os.version: '6.8.0-49-generic', java.version: '17.0.7'
Driver info: org.openqa.selenium.chrome.ChromeDriver
Capabilities {acceptInsecureCerts: false, browserName: chrome, browserVersion: 127.0.6533.99, chrome: {chromedriverVersion: 127.0.6533.99 (f31af5097d90..., userDataDir: /tmp/.org.chromium.Chromium...}, fedcm:accounts: true, goog:chromeOptions: {debuggerAddress: localhost:46279}, javascriptEnabled: true, networkConnectionEnabled: false, pageLoadStrategy: normal, platform: LINUX, platformName: LINUX, proxy: Proxy(), setWindowRect: true, strictFileInteractability: false, timeouts: {implicit: 0, pageLoad: 300000, script: 30000}, unhandledPromptBehavior: dismiss and notify, webauthn:extension:credBlob: true, webauthn:extension:largeBlob: true, webauthn:extension:minPinLength: true, webauthn:extension:prf: true, webauthn:virtualAuthenticators: true}
Session ID: 4561f3685b172a94797f17f8d5d0dffb
*** Element info: {Using=xpath, value=//div[text()='Saved Successfully']}
at org.openqa.selenium.remote.http.W3CHttpResponseCodec.createException(W3CHttpResponseCodec.java:187)
at org.openqa.selenium.remote.http.W3CHttpResponseCodec.decode(W3CHttpResponseCodec.java:122)
at org.openqa.selenium.remote.http.W3CHttpResponseCodec.decode(W3CHttpResponseCodec.java:49)
at org.openqa.selenium.remote.HttpCommandExecutor.execute(HttpCommandExecutor.java:158)
at org.openqa.selenium.remote.service.DriverCommandExecutor.execute(DriverCommandExecutor.java:83)
at org.openqa.selenium.remote.RemoteWebDriver.execute(RemoteWebDriver.java:552)
at org.openqa.selenium.remote.RemoteWebDriver.findElement(RemoteWebDriver.java:323)
at org.openqa.selenium.remote.RemoteWebDriver.findElementByXPath(RemoteWebDriver.java:428)
at org.openqa.selenium.By$ByXPath.findElement(By.java:353)
at org.openqa.selenium.remote.RemoteWebDriver.findElement(RemoteWebDriver.java:315)
at org.openqa.selenium.support.ui.ExpectedConditions$7.apply(ExpectedConditions.java:205)
at org.openqa.selenium.support.ui.ExpectedConditions$7.apply(ExpectedConditions.java:201)
at org.openqa.selenium.support.ui.FluentWait.until(FluentWait.java:249)
... 30 more
... Removed 32 stack frames]]>
    </failure>
  </testcase> <!-- validate_Saved_Success -->
  <testcase classname="com.ospyn.ktu.test.CourseSelection" name="validate_Submit_Success" time="0.0">
    <ignored/>
  </testcase> <!-- validate_Submit_Success -->
  <testcase classname="com.ospyn.ktu.test.CourseSelection" name="export_Courses_Click" time="0.0">
    <ignored/>
  </testcase> <!-- export_Courses_Click -->
  <testcase classname="com.ospyn.ktu.test.CourseSelection" name="get_Revoke_Button" time="0.0">
    <ignored/>
  </testcase> <!-- get_Revoke_Button -->
  <testcase classname="com.ospyn.ktu.test.CourseSelection" name="fill_Slots" time="0.0">
    <ignored/>
  </testcase> <!-- fill_Slots -->
  <testcase classname="com.ospyn.ktu.test.CourseSelection" name="view_Curriculum" time="0.0">
    <ignored/>
  </testcase> <!-- view_Curriculum -->
  <testcase classname="com.ospyn.ktu.test.CourseSelection" name="view_Course" time="0.0">
    <ignored/>
  </testcase> <!-- view_Course -->
  <testcase classname="com.ospyn.ktu.test.CourseSelection" name="get_LastDate_Error" time="0.0">
    <ignored/>
  </testcase> <!-- get_LastDate_Error -->
  <testcase classname="com.ospyn.ktu.test.CourseSelection" name="click_Save_Change" time="0.0">
    <ignored/>
  </testcase> <!-- click_Save_Change -->
  <testcase classname="com.ospyn.ktu.test.CourseSelection" name="enter_slot_Scheme" time="0.0">
    <ignored/>
  </testcase> <!-- enter_slot_Scheme -->
  <testcase classname="com.ospyn.ktu.test.CourseSelection" name="get_Confirm" time="0.0">
    <ignored/>
  </testcase> <!-- get_Confirm -->
  <testcase classname="com.ospyn.ktu.test.CourseSelection" name="click_Submit_Button" time="0.0">
    <ignored/>
  </testcase> <!-- click_Submit_Button -->
  <testcase classname="com.ospyn.ktu.test.CourseSelection" name="revoke_Success" time="0.0">
    <ignored/>
  </testcase> <!-- revoke_Success -->
  <testcase classname="com.ospyn.ktu.test.CourseSelection" name="display_Error_Message" time="0.0">
    <ignored/>
  </testcase> <!-- display_Error_Message -->
  <testcase classname="com.ospyn.ktu.test.CourseSelection" name="enter_Details_Course" time="0.0">
    <ignored/>
  </testcase> <!-- enter_Details_Course -->
  <testcase classname="com.ospyn.ktu.test.CourseSelection" name="click_UniversityTab" time="0.0">
    <ignored/>
  </testcase> <!-- click_UniversityTab -->
  <testcase classname="com.ospyn.ktu.test.CourseSelection" name="click_CancelButton" time="0.0">
    <ignored/>
  </testcase> <!-- click_CancelButton -->
  <testcase classname="com.ospyn.ktu.test.CourseSelection" name="get_Save_Button" time="0.0">
    <ignored/>
  </testcase> <!-- get_Save_Button -->
  <testcase classname="com.ospyn.ktu.test.CourseSelection" name="course_Selection_Details" time="0.0">
    <ignored/>
  </testcase> <!-- course_Selection_Details -->
  <testcase classname="com.ospyn.ktu.test.CourseSelection" name="no_Curriculum_Found" time="0.0">
    <ignored/>
  </testcase> <!-- no_Curriculum_Found -->
  <testcase classname="com.ospyn.ktu.test.CourseSelection" name="click_College" time="0.0">
    <ignored/>
  </testcase> <!-- click_College -->
  <testcase classname="com.ospyn.ktu.test.CourseSelection" name="validate_Saved_Course" time="0.0">
    <ignored/>
  </testcase> <!-- validate_Saved_Course -->
  <testcase classname="com.ospyn.ktu.test.CourseSelection" name="click_YesButton" time="0.0">
    <ignored/>
  </testcase> <!-- click_YesButton -->
  <testcase classname="com.ospyn.ktu.test.CourseSelection" name="fill_All_Courses" time="0.0">
    <ignored/>
  </testcase> <!-- fill_All_Courses -->
  <testcase classname="com.ospyn.ktu.test.CourseSelection" name="select_BranchName" time="0.0">
    <ignored/>
  </testcase> <!-- select_BranchName -->
  <testcase classname="com.ospyn.ktu.test.CourseSelection" name="fill_All_CoursesRevoked" time="0.0">
    <ignored/>
  </testcase> <!-- fill_All_CoursesRevoked -->
  <testcase classname="com.ospyn.ktu.test.CourseSelection" name="search_Page_Displayed" time="0.0">
    <ignored/>
  </testcase> <!-- search_Page_Displayed -->
  <testcase classname="com.ospyn.ktu.test.CourseSelection" name="add_Course" time="0.0">
    <ignored/>
  </testcase> <!-- add_Course -->
  <testcase classname="com.ospyn.ktu.test.CourseSelection" name="page_loaded" time="0.0">
    <ignored/>
  </testcase> <!-- page_loaded -->
  <testcase classname="com.ospyn.ktu.test.CourseSelection" name="get_Submit_button" time="0.0">
    <ignored/>
  </testcase> <!-- get_Submit_button -->
  <testcase classname="com.ospyn.ktu.test.CourseSelection" name="validate_Submit_Error_Message" time="0.0">
    <ignored/>
  </testcase> <!-- validate_Submit_Error_Message -->
  <testcase classname="com.ospyn.ktu.test.CourseSelection" name="course_Selection_Page" time="0.0">
    <ignored/>
  </testcase> <!-- course_Selection_Page -->
  <testcase classname="com.ospyn.ktu.test.CourseSelection" name="click_UniversityInbox" time="0.0">
    <ignored/>
  </testcase> <!-- click_UniversityInbox -->
  <testcase classname="com.ospyn.ktu.test.CourseSelection" name="select_CheckBox" time="0.0">
    <ignored/>
  </testcase> <!-- select_CheckBox -->
  <testcase classname="com.ospyn.ktu.test.CourseSelection" name="change_Course" time="0.0">
    <ignored/>
  </testcase> <!-- change_Course -->
  <testcase classname="com.ospyn.ktu.test.CourseSelection" name="get_errorMsg" time="0.0">
    <ignored/>
  </testcase> <!-- get_errorMsg -->
  <testcase classname="com.ospyn.ktu.test.CourseSelection" name="click_No" time="0.0">
    <ignored/>
  </testcase> <!-- click_No -->
  <testcase classname="com.ospyn.ktu.test.CourseSelection" name="validate_Excel_File" time="0.0">
    <ignored/>
  </testcase> <!-- validate_Excel_File -->
  <testcase classname="com.ospyn.ktu.test.CourseSelection" name="remove_Course" time="0.0">
    <ignored/>
  </testcase> <!-- remove_Course -->
  <testcase classname="com.ospyn.ktu.test.CourseSelection" name="part_Time_error" time="0.0">
    <ignored/>
  </testcase> <!-- part_Time_error -->
</testsuite> <!-- TC_Course_Selection_01-Academic course selection for a branch after selecting courses in slots -->
