<?xml version="1.0" encoding="UTF-8"?>
<!-- Generated by org.testng.reporters.JUnitXMLReporter -->
<testsuite ignored="43" hostname="sebin" failures="2" tests="4" name="TC_Course_Selection_02-Submitting branches to the university after  choosing courses for all the branches" time="140.675" errors="0" timestamp="2024-12-26T11:44:00 IST">
  <testcase classname="com.ospyn.ktu.test.CourseSelection" name="search_Page_Displayed" time="51.077">
    <failure type="org.openqa.selenium.TimeoutException" message="Expected condition failed: waiting for visibility of element located by By.id: back (tried for 15 second(s) with 50 milliseconds interval)">
      <![CDATA[org.openqa.selenium.TimeoutException: Expected condition failed: waiting for visibility of element located by By.id: back (tried for 15 second(s) with 50 milliseconds interval)
at org.openqa.selenium.support.ui.WebDriverWait.timeoutException(WebDriverWait.java:95)
at org.openqa.selenium.support.ui.FluentWait.until(FluentWait.java:272)
at com.ospyn.ktu.view.ViewCourseSelection.getBackButton(ViewCourseSelection.java:386)
at com.ospyn.ktu.test.CourseSelection.search_Page_Displayed(CourseSelection.java:316)
at java.base/java.util.ArrayList.forEach(ArrayList.java:1511)
Caused by: org.openqa.selenium.NoSuchElementException: no such element: Unable to locate element: {"method":"css selector","selector":"#back"}
  (Session info: chrome=127.0.6533.99)
For documentation on this error, please visit: https://www.seleniumhq.org/exceptions/no_such_element.html
Build info: version: '3.141.59', revision: 'e82be7d358', time: '2018-11-14T08:17:03'
System info: host: 'sebin', ip: '127.0.1.1', os.name: 'Linux', os.arch: 'amd64', os.version: '6.8.0-49-generic', java.version: '17.0.7'
Driver info: org.openqa.selenium.chrome.ChromeDriver
Capabilities {acceptInsecureCerts: false, browserName: chrome, browserVersion: 127.0.6533.99, chrome: {chromedriverVersion: 127.0.6533.99 (f31af5097d90..., userDataDir: /tmp/.org.chromium.Chromium...}, fedcm:accounts: true, goog:chromeOptions: {debuggerAddress: localhost:46279}, javascriptEnabled: true, networkConnectionEnabled: false, pageLoadStrategy: normal, platform: LINUX, platformName: LINUX, proxy: Proxy(), setWindowRect: true, strictFileInteractability: false, timeouts: {implicit: 0, pageLoad: 300000, script: 30000}, unhandledPromptBehavior: dismiss and notify, webauthn:extension:credBlob: true, webauthn:extension:largeBlob: true, webauthn:extension:minPinLength: true, webauthn:extension:prf: true, webauthn:virtualAuthenticators: true}
Session ID: 4561f3685b172a94797f17f8d5d0dffb
*** Element info: {Using=id, value=back}
at org.openqa.selenium.remote.http.W3CHttpResponseCodec.createException(W3CHttpResponseCodec.java:187)
at org.openqa.selenium.remote.http.W3CHttpResponseCodec.decode(W3CHttpResponseCodec.java:122)
at org.openqa.selenium.remote.http.W3CHttpResponseCodec.decode(W3CHttpResponseCodec.java:49)
at org.openqa.selenium.remote.HttpCommandExecutor.execute(HttpCommandExecutor.java:158)
at org.openqa.selenium.remote.service.DriverCommandExecutor.execute(DriverCommandExecutor.java:83)
at org.openqa.selenium.remote.RemoteWebDriver.execute(RemoteWebDriver.java:552)
at org.openqa.selenium.remote.RemoteWebDriver.findElement(RemoteWebDriver.java:323)
at org.openqa.selenium.remote.RemoteWebDriver.findElementById(RemoteWebDriver.java:372)
at org.openqa.selenium.By$ById.findElement(By.java:188)
at org.openqa.selenium.remote.RemoteWebDriver.findElement(RemoteWebDriver.java:315)
at org.openqa.selenium.support.ui.ExpectedConditions$7.apply(ExpectedConditions.java:205)
at org.openqa.selenium.support.ui.ExpectedConditions$7.apply(ExpectedConditions.java:201)
at org.openqa.selenium.support.ui.FluentWait.until(FluentWait.java:249)
... 30 more
... Removed 32 stack frames]]>
    </failure>
  </testcase> <!-- search_Page_Displayed -->
  <testcase classname="com.ospyn.ktu.test.CourseSelection" name="fill_All_Courses" time="51.016"/>
  <testcase classname="com.ospyn.ktu.test.CourseSelection" name="get_Submit_button" time="38.481">
    <failure type="org.openqa.selenium.WebDriverException" message="The driver server has unexpectedly died!
Build info: version: &amp;apos;3.141.59&amp;apos;, revision: &amp;apos;e82be7d358&amp;apos;, time: &amp;apos;2018-11-14T08:17:03&amp;apos;
System info: host: &amp;apos;sebin&amp;apos;, ip: &amp;apos;127.0.1.1&amp;apos;, os.name: &amp;apos;Linux&amp;apos;, os.arch: &amp;apos;amd64&amp;apos;, os.version: &amp;apos;6.8.0-49-generic&amp;apos;, java.version: &amp;apos;17.0.7&amp;apos;
Driver info: driver.version: RemoteWebDriver">
      <![CDATA[org.openqa.selenium.WebDriverException: The driver server has unexpectedly died!
Build info: version: '3.141.59', revision: 'e82be7d358', time: '2018-11-14T08:17:03'
System info: host: 'sebin', ip: '127.0.1.1', os.name: 'Linux', os.arch: 'amd64', os.version: '6.8.0-49-generic', java.version: '17.0.7'
Driver info: driver.version: RemoteWebDriver
at org.openqa.selenium.remote.service.DriverCommandExecutor.execute(DriverCommandExecutor.java:89)
at org.openqa.selenium.remote.RemoteWebDriver.execute(RemoteWebDriver.java:552)
at org.openqa.selenium.remote.RemoteWebDriver.findElement(RemoteWebDriver.java:323)
at org.openqa.selenium.remote.RemoteWebDriver.findElementByXPath(RemoteWebDriver.java:428)
at org.openqa.selenium.By$ByXPath.findElement(By.java:353)
at org.openqa.selenium.remote.RemoteWebDriver.findElement(RemoteWebDriver.java:315)
at org.openqa.selenium.support.ui.ExpectedConditions$7.apply(ExpectedConditions.java:205)
at org.openqa.selenium.support.ui.ExpectedConditions$7.apply(ExpectedConditions.java:201)
at org.openqa.selenium.support.ui.FluentWait.until(FluentWait.java:249)
at com.ospyn.ktu.view.ViewCourseSelection.getSubmitButton(ViewCourseSelection.java:396)
at com.ospyn.ktu.test.CourseSelection.get_Submit_button(CourseSelection.java:455)
at java.base/java.util.ArrayList.forEach(ArrayList.java:1511)
Caused by: java.net.ConnectException: Failed to connect to localhost/127.0.0.1:32765
at okhttp3.internal.connection.RealConnection.connectSocket(RealConnection.java:247)
at okhttp3.internal.connection.RealConnection.connect(RealConnection.java:165)
at okhttp3.internal.connection.StreamAllocation.findConnection(StreamAllocation.java:257)
at okhttp3.internal.connection.StreamAllocation.findHealthyConnection(StreamAllocation.java:135)
at okhttp3.internal.connection.StreamAllocation.newStream(StreamAllocation.java:114)
at okhttp3.internal.connection.ConnectInterceptor.intercept(ConnectInterceptor.java:42)
at okhttp3.internal.http.RealInterceptorChain.proceed(RealInterceptorChain.java:147)
at okhttp3.internal.http.RealInterceptorChain.proceed(RealInterceptorChain.java:121)
at okhttp3.internal.cache.CacheInterceptor.intercept(CacheInterceptor.java:93)
at okhttp3.internal.http.RealInterceptorChain.proceed(RealInterceptorChain.java:147)
at okhttp3.internal.http.RealInterceptorChain.proceed(RealInterceptorChain.java:121)
at okhttp3.internal.http.BridgeInterceptor.intercept(BridgeInterceptor.java:93)
at okhttp3.internal.http.RealInterceptorChain.proceed(RealInterceptorChain.java:147)
at okhttp3.internal.http.RetryAndFollowUpInterceptor.intercept(RetryAndFollowUpInterceptor.java:126)
at okhttp3.internal.http.RealInterceptorChain.proceed(RealInterceptorChain.java:147)
at okhttp3.internal.http.RealInterceptorChain.proceed(RealInterceptorChain.java:121)
at okhttp3.RealCall.getResponseWithInterceptorChain(RealCall.java:200)
at okhttp3.RealCall.execute(RealCall.java:77)
at org.openqa.selenium.remote.internal.OkHttpClient.execute(OkHttpClient.java:103)
at org.openqa.selenium.remote.HttpCommandExecutor.execute(HttpCommandExecutor.java:155)
at org.openqa.selenium.remote.service.DriverCommandExecutor.execute(DriverCommandExecutor.java:83)
... 38 more
Caused by: java.net.ConnectException: Connection refused
at java.base/sun.nio.ch.Net.pollConnect(Native Method)
at java.base/sun.nio.ch.Net.pollConnectNow(Net.java:672)
at java.base/sun.nio.ch.NioSocketImpl.timedFinishConnect(NioSocketImpl.java:542)
at java.base/sun.nio.ch.NioSocketImpl.connect(NioSocketImpl.java:597)
at java.base/java.net.SocksSocketImpl.connect(SocksSocketImpl.java:327)
at java.base/java.net.Socket.connect(Socket.java:633)
at okhttp3.internal.platform.Platform.connectSocket(Platform.java:129)
at okhttp3.internal.connection.RealConnection.connectSocket(RealConnection.java:245)
... 58 more
... Removed 27 stack frames]]>
    </failure>
  </testcase> <!-- get_Submit_button -->
  <testcase classname="com.ospyn.ktu.test.CourseSelection" name="validate_Submit_Success" time="0.0">
    <skipped/>
  </testcase> <!-- validate_Submit_Success -->
  <testcase classname="com.ospyn.ktu.test.CourseSelection" name="enter_Details_Course" time="0.0">
    <ignored/>
  </testcase> <!-- enter_Details_Course -->
  <testcase classname="com.ospyn.ktu.test.CourseSelection" name="course_Slots" time="0.0">
    <ignored/>
  </testcase> <!-- course_Slots -->
  <testcase classname="com.ospyn.ktu.test.CourseSelection" name="validate_Excel_File" time="0.0">
    <ignored/>
  </testcase> <!-- validate_Excel_File -->
  <testcase classname="com.ospyn.ktu.test.CourseSelection" name="enter_slot_Scheme" time="0.0">
    <ignored/>
  </testcase> <!-- enter_slot_Scheme -->
  <testcase classname="com.ospyn.ktu.test.CourseSelection" name="change_Course" time="0.0">
    <ignored/>
  </testcase> <!-- change_Course -->
  <testcase classname="com.ospyn.ktu.test.CourseSelection" name="course_Selection_Page" time="0.0">
    <ignored/>
  </testcase> <!-- course_Selection_Page -->
  <testcase classname="com.ospyn.ktu.test.CourseSelection" name="click_Submit_Button" time="0.0">
    <ignored/>
  </testcase> <!-- click_Submit_Button -->
  <testcase classname="com.ospyn.ktu.test.CourseSelection" name="click_Save_Change" time="0.0">
    <ignored/>
  </testcase> <!-- click_Save_Change -->
  <testcase classname="com.ospyn.ktu.test.CourseSelection" name="course_Selection_Details_RequestType" time="0.0">
    <ignored/>
  </testcase> <!-- course_Selection_Details_RequestType -->
  <testcase classname="com.ospyn.ktu.test.CourseSelection" name="fill_All_CoursesRevoked" time="0.0">
    <ignored/>
  </testcase> <!-- fill_All_CoursesRevoked -->
  <testcase classname="com.ospyn.ktu.test.CourseSelection" name="click_Save" time="0.0">
    <ignored/>
  </testcase> <!-- click_Save -->
  <testcase classname="com.ospyn.ktu.test.CourseSelection" name="page_loaded" time="0.0">
    <ignored/>
  </testcase> <!-- page_loaded -->
  <testcase classname="com.ospyn.ktu.test.CourseSelection" name="select_BranchName" time="0.0">
    <ignored/>
  </testcase> <!-- select_BranchName -->
  <testcase classname="com.ospyn.ktu.test.CourseSelection" name="validate_Submit_Error_Message" time="0.0">
    <ignored/>
  </testcase> <!-- validate_Submit_Error_Message -->
  <testcase classname="com.ospyn.ktu.test.CourseSelection" name="click_No" time="0.0">
    <ignored/>
  </testcase> <!-- click_No -->
  <testcase classname="com.ospyn.ktu.test.CourseSelection" name="course_Selection_Details" time="0.0">
    <ignored/>
  </testcase> <!-- course_Selection_Details -->
  <testcase classname="com.ospyn.ktu.test.CourseSelection" name="add_Course" time="0.0">
    <ignored/>
  </testcase> <!-- add_Course -->
  <testcase classname="com.ospyn.ktu.test.CourseSelection" name="no_Curriculum_Found" time="0.0">
    <ignored/>
  </testcase> <!-- no_Curriculum_Found -->
  <testcase classname="com.ospyn.ktu.test.CourseSelection" name="validate_Saved_Course" time="0.0">
    <ignored/>
  </testcase> <!-- validate_Saved_Course -->
  <testcase classname="com.ospyn.ktu.test.CourseSelection" name="get_Revoke_Button" time="0.0">
    <ignored/>
  </testcase> <!-- get_Revoke_Button -->
  <testcase classname="com.ospyn.ktu.test.CourseSelection" name="revoke_Success" time="0.0">
    <ignored/>
  </testcase> <!-- revoke_Success -->
  <testcase classname="com.ospyn.ktu.test.CourseSelection" name="choose_Course" time="0.0">
    <ignored/>
  </testcase> <!-- choose_Course -->
  <testcase classname="com.ospyn.ktu.test.CourseSelection" name="get_Save_Button" time="0.0">
    <ignored/>
  </testcase> <!-- get_Save_Button -->
  <testcase classname="com.ospyn.ktu.test.CourseSelection" name="click_CancelButton" time="0.0">
    <ignored/>
  </testcase> <!-- click_CancelButton -->
  <testcase classname="com.ospyn.ktu.test.CourseSelection" name="select_CheckBox" time="0.0">
    <ignored/>
  </testcase> <!-- select_CheckBox -->
  <testcase classname="com.ospyn.ktu.test.CourseSelection" name="part_Time_error" time="0.0">
    <ignored/>
  </testcase> <!-- part_Time_error -->
  <testcase classname="com.ospyn.ktu.test.CourseSelection" name="click_AcademicsTab" time="0.0">
    <ignored/>
  </testcase> <!-- click_AcademicsTab -->
  <testcase classname="com.ospyn.ktu.test.CourseSelection" name="click_Course_Details" time="0.0">
    <ignored/>
  </testcase> <!-- click_Course_Details -->
  <testcase classname="com.ospyn.ktu.test.CourseSelection" name="get_errorMsg" time="0.0">
    <ignored/>
  </testcase> <!-- get_errorMsg -->
  <testcase classname="com.ospyn.ktu.test.CourseSelection" name="get_Confirm" time="0.0">
    <ignored/>
  </testcase> <!-- get_Confirm -->
  <testcase classname="com.ospyn.ktu.test.CourseSelection" name="click_Search" time="0.0">
    <ignored/>
  </testcase> <!-- click_Search -->
  <testcase classname="com.ospyn.ktu.test.CourseSelection" name="click_UniversityTab" time="0.0">
    <ignored/>
  </testcase> <!-- click_UniversityTab -->
  <testcase classname="com.ospyn.ktu.test.CourseSelection" name="display_Error_Message" time="0.0">
    <ignored/>
  </testcase> <!-- display_Error_Message -->
  <testcase classname="com.ospyn.ktu.test.CourseSelection" name="click_UniversityInbox" time="0.0">
    <ignored/>
  </testcase> <!-- click_UniversityInbox -->
  <testcase classname="com.ospyn.ktu.test.CourseSelection" name="get_LastDate_Error" time="0.0">
    <ignored/>
  </testcase> <!-- get_LastDate_Error -->
  <testcase classname="com.ospyn.ktu.test.CourseSelection" name="export_Courses_Click" time="0.0">
    <ignored/>
  </testcase> <!-- export_Courses_Click -->
  <testcase classname="com.ospyn.ktu.test.CourseSelection" name="click_College" time="0.0">
    <ignored/>
  </testcase> <!-- click_College -->
  <testcase classname="com.ospyn.ktu.test.CourseSelection" name="fill_Slots" time="0.0">
    <ignored/>
  </testcase> <!-- fill_Slots -->
  <testcase classname="com.ospyn.ktu.test.CourseSelection" name="validate_Saved_Success" time="0.0">
    <ignored/>
  </testcase> <!-- validate_Saved_Success -->
  <testcase classname="com.ospyn.ktu.test.CourseSelection" name="click_YesButton" time="0.0">
    <ignored/>
  </testcase> <!-- click_YesButton -->
  <testcase classname="com.ospyn.ktu.test.CourseSelection" name="view_Curriculum" time="0.0">
    <ignored/>
  </testcase> <!-- view_Curriculum -->
  <testcase classname="com.ospyn.ktu.test.CourseSelection" name="view_Course" time="0.0">
    <ignored/>
  </testcase> <!-- view_Course -->
  <testcase classname="com.ospyn.ktu.test.CourseSelection" name="remove_Course" time="0.0">
    <ignored/>
  </testcase> <!-- remove_Course -->
</testsuite> <!-- TC_Course_Selection_02-Submitting branches to the university after  choosing courses for all the branches -->
