<?xml version="1.0" encoding="UTF-8"?>
<!-- Generated by org.testng.reporters.JUnitXMLReporter -->
<testsuite ignored="20" hostname="sebin" failures="1" tests="2" name="TC_Absentee_Malpractice_Bulk_04-The user entering malpractice against particular courses" time="2.03" errors="0" timestamp="2024-08-12T10:17:13 IST">
  <testcase classname="com.ospyn.ktu.test.AbsenteeMalpracticeBulk" name="entering_Malpractice_Data" time="0.001"/>
  <testcase classname="com.ospyn.ktu.test.AbsenteeMalpracticeBulk" name="user_Validate_Courselisting_Page" time="2.017">
    <failure type="org.openqa.selenium.WebDriverException" message="disconnected: not connected to DevTools
  (failed to check if window was closed: disconnected: not connected to DevTools)
  (Session info: chrome=127.0.6533.99)
Build info: version: &amp;apos;3.141.59&amp;apos;, revision: &amp;apos;e82be7d358&amp;apos;, time: &amp;apos;2018-11-14T08:17:03&amp;apos;
System info: host: &amp;apos;sebin&amp;apos;, ip: &amp;apos;127.0.1.1&amp;apos;, os.name: &amp;apos;Linux&amp;apos;, os.arch: &amp;apos;amd64&amp;apos;, os.version: &amp;apos;6.5.0-44-generic&amp;apos;, java.version: &amp;apos;17.0.7&amp;apos;
Driver info: org.openqa.selenium.chrome.ChromeDriver
Capabilities {acceptInsecureCerts: false, browserName: chrome, browserVersion: 127.0.6533.99, chrome: {chromedriverVersion: 127.0.6533.99 (f31af5097d90..., userDataDir: /tmp/.org.chromium.Chromium...}, fedcm:accounts: true, goog:chromeOptions: {debuggerAddress: localhost:40887}, javascriptEnabled: true, networkConnectionEnabled: false, pageLoadStrategy: normal, platform: LINUX, platformName: LINUX, proxy: Proxy(), setWindowRect: true, strictFileInteractability: false, timeouts: {implicit: 0, pageLoad: 300000, script: 30000}, unhandledPromptBehavior: dismiss and notify, webauthn:extension:credBlob: true, webauthn:extension:largeBlob: true, webauthn:extension:minPinLength: true, webauthn:extension:prf: true, webauthn:virtualAuthenticators: true}
Session ID: 21cf746faaab53341ba90a68a5306c5f
*** Element info: {Using=xpath, value=//*[@id=&amp;quot;page-content-wrapper&amp;quot;]/div[1]/div/div/div[3]/div[1]/h3}">
      <![CDATA[org.openqa.selenium.WebDriverException: disconnected: not connected to DevTools
  (failed to check if window was closed: disconnected: not connected to DevTools)
  (Session info: chrome=127.0.6533.99)
Build info: version: '3.141.59', revision: 'e82be7d358', time: '2018-11-14T08:17:03'
System info: host: 'sebin', ip: '127.0.1.1', os.name: 'Linux', os.arch: 'amd64', os.version: '6.5.0-44-generic', java.version: '17.0.7'
Driver info: org.openqa.selenium.chrome.ChromeDriver
Capabilities {acceptInsecureCerts: false, browserName: chrome, browserVersion: 127.0.6533.99, chrome: {chromedriverVersion: 127.0.6533.99 (f31af5097d90..., userDataDir: /tmp/.org.chromium.Chromium...}, fedcm:accounts: true, goog:chromeOptions: {debuggerAddress: localhost:40887}, javascriptEnabled: true, networkConnectionEnabled: false, pageLoadStrategy: normal, platform: LINUX, platformName: LINUX, proxy: Proxy(), setWindowRect: true, strictFileInteractability: false, timeouts: {implicit: 0, pageLoad: 300000, script: 30000}, unhandledPromptBehavior: dismiss and notify, webauthn:extension:credBlob: true, webauthn:extension:largeBlob: true, webauthn:extension:minPinLength: true, webauthn:extension:prf: true, webauthn:virtualAuthenticators: true}
Session ID: 21cf746faaab53341ba90a68a5306c5f
*** Element info: {Using=xpath, value=//*[@id="page-content-wrapper"]/div[1]/div/div/div[3]/div[1]/h3}
at org.openqa.selenium.remote.http.W3CHttpResponseCodec.createException(W3CHttpResponseCodec.java:187)
at org.openqa.selenium.remote.http.W3CHttpResponseCodec.decode(W3CHttpResponseCodec.java:122)
at org.openqa.selenium.remote.http.W3CHttpResponseCodec.decode(W3CHttpResponseCodec.java:49)
at org.openqa.selenium.remote.HttpCommandExecutor.execute(HttpCommandExecutor.java:158)
at org.openqa.selenium.remote.service.DriverCommandExecutor.execute(DriverCommandExecutor.java:83)
at org.openqa.selenium.remote.RemoteWebDriver.execute(RemoteWebDriver.java:552)
at org.openqa.selenium.remote.RemoteWebDriver.findElement(RemoteWebDriver.java:323)
at org.openqa.selenium.remote.RemoteWebDriver.findElementByXPath(RemoteWebDriver.java:428)
at org.openqa.selenium.By$ByXPath.findElement(By.java:353)
at org.openqa.selenium.remote.RemoteWebDriver.findElement(RemoteWebDriver.java:315)
at org.openqa.selenium.support.ui.ExpectedConditions$7.apply(ExpectedConditions.java:205)
at org.openqa.selenium.support.ui.ExpectedConditions$7.apply(ExpectedConditions.java:201)
at org.openqa.selenium.support.ui.FluentWait.until(FluentWait.java:249)
at com.ospyn.ktu.view.ViewAbsenteeMalpracticeBulk.ValidateText(ViewAbsenteeMalpracticeBulk.java:176)
at com.ospyn.ktu.test.AbsenteeMalpracticeBulk.user_Validate_Courselisting_Page(AbsenteeMalpracticeBulk.java:106)
at java.base/java.util.ArrayList.forEach(ArrayList.java:1511)
... Removed 32 stack frames]]>
    </failure>
  </testcase> <!-- user_Validate_Courselisting_Page -->
  <testcase classname="com.ospyn.ktu.test.AbsenteeMalpracticeBulk" name="course_Code" time="0.0">
    <ignored/>
  </testcase> <!-- course_Code -->
  <testcase classname="com.ospyn.ktu.test.AbsenteeMalpracticeBulk" name="click_Exam_Tab" time="0.0">
    <ignored/>
  </testcase> <!-- click_Exam_Tab -->
  <testcase classname="com.ospyn.ktu.test.AbsenteeMalpracticeBulk" name="click_Exams_Menu" time="0.0">
    <ignored/>
  </testcase> <!-- click_Exams_Menu -->
  <testcase classname="com.ospyn.ktu.test.AbsenteeMalpracticeBulk" name="user_Leaves_Mandatory_Field_And_Validate_Errormessage" time="0.0">
    <ignored/>
  </testcase> <!-- user_Leaves_Mandatory_Field_And_Validate_Errormessage -->
  <testcase classname="com.ospyn.ktu.test.AbsenteeMalpracticeBulk" name="user_Validate_Error_Absentee_Student" time="0.0">
    <ignored/>
  </testcase> <!-- user_Validate_Error_Absentee_Student -->
  <testcase classname="com.ospyn.ktu.test.AbsenteeMalpracticeBulk" name="user_fetching_falsenumber" time="0.0">
    <ignored/>
  </testcase> <!-- user_fetching_falsenumber -->
  <testcase classname="com.ospyn.ktu.test.AbsenteeMalpracticeBulk" name="user_Click_Answersheet_Packetentry_button" time="0.0">
    <ignored/>
  </testcase> <!-- user_Click_Answersheet_Packetentry_button -->
  <testcase classname="com.ospyn.ktu.test.AbsenteeMalpracticeBulk" name="user_Entering_Answersheet_packets" time="0.0">
    <ignored/>
  </testcase> <!-- user_Entering_Answersheet_packets -->
  <testcase classname="com.ospyn.ktu.test.AbsenteeMalpracticeBulk" name="click_Valuation_Module" time="0.0">
    <ignored/>
  </testcase> <!-- click_Valuation_Module -->
  <testcase classname="com.ospyn.ktu.test.AbsenteeMalpracticeBulk" name="user_click_Viewfalsenumbergenerate" time="0.0">
    <ignored/>
  </testcase> <!-- user_click_Viewfalsenumbergenerate -->
  <testcase classname="com.ospyn.ktu.test.AbsenteeMalpracticeBulk" name="entering_Absentee_Data" time="0.0">
    <ignored/>
  </testcase> <!-- entering_Absentee_Data -->
  <testcase classname="com.ospyn.ktu.test.AbsenteeMalpracticeBulk" name="user_Asserting_Error" time="0.0">
    <ignored/>
  </testcase> <!-- user_Asserting_Error -->
  <testcase classname="com.ospyn.ktu.test.AbsenteeMalpracticeBulk" name="user_Generate_Reports" time="0.0">
    <ignored/>
  </testcase> <!-- user_Generate_Reports -->
  <testcase classname="com.ospyn.ktu.test.AbsenteeMalpracticeBulk" name="fetch_EligibleStudent_id" time="0.0">
    <ignored/>
  </testcase> <!-- fetch_EligibleStudent_id -->
  <testcase classname="com.ospyn.ktu.test.AbsenteeMalpracticeBulk" name="user_Replace_Barcode_Absentee_Student" time="0.0">
    <ignored/>
  </testcase> <!-- user_Replace_Barcode_Absentee_Student -->
  <testcase classname="com.ospyn.ktu.test.AbsenteeMalpracticeBulk" name="exam_Definition_Details" time="0.0">
    <ignored/>
  </testcase> <!-- exam_Definition_Details -->
  <testcase classname="com.ospyn.ktu.test.AbsenteeMalpracticeBulk" name="user_Logout_From_College" time="0.0">
    <ignored/>
  </testcase> <!-- user_Logout_From_College -->
  <testcase classname="com.ospyn.ktu.test.AbsenteeMalpracticeBulk" name="user_Replace_Barcode_And_Validate" time="0.0">
    <ignored/>
  </testcase> <!-- user_Replace_Barcode_And_Validate -->
  <testcase classname="com.ospyn.ktu.test.AbsenteeMalpracticeBulk" name="user_Logout_From_University" time="0.0">
    <ignored/>
  </testcase> <!-- user_Logout_From_University -->
  <testcase classname="com.ospyn.ktu.test.AbsenteeMalpracticeBulk" name="click_Exam_Eligibility" time="0.0">
    <ignored/>
  </testcase> <!-- click_Exam_Eligibility -->
</testsuite> <!-- TC_Absentee_Malpractice_Bulk_04-The user entering malpractice against particular courses -->
