<?xml version="1.0" encoding="UTF-8"?>
<!-- Generated by org.testng.reporters.JUnitXMLReporter -->
<testsuite ignored="3" hostname="sebin" failures="1" tests="2" name="Mark Correction-Failing a passed student" time="24.965" errors="0" timestamp="2025-01-30T20:40:40 IST">
  <testcase classname="com.ospyn.ktu.test.FeeWaiver" name="loginAsKtusupport" time="20.15">
    <failure type="org.openqa.selenium.TimeoutException" message="Expected condition failed: waiting for presence of element located by: By.xpath: //input[@id=&amp;apos;login-username&amp;apos;] (tried for 15 second(s) with 50 milliseconds interval)">
      <![CDATA[org.openqa.selenium.TimeoutException: Expected condition failed: waiting for presence of element located by: By.xpath: //input[@id='login-username'] (tried for 15 second(s) with 50 milliseconds interval)
at org.openqa.selenium.support.ui.WebDriverWait.timeoutException(WebDriverWait.java:95)
at org.openqa.selenium.support.ui.FluentWait.until(FluentWait.java:272)
at com.ospyn.ktu.util.ViewCommonUtil.enterTextinTextField(ViewCommonUtil.java:143)
at com.ospyn.ktu.util.ViewCommonUtil.logIn(ViewCommonUtil.java:589)
at com.ospyn.ktu.view.ViewFeeWaiver.LoginAsktusupport02(ViewFeeWaiver.java:117)
at com.ospyn.ktu.test.FeeWaiver.loginAsKtusupport(FeeWaiver.java:99)
at java.base/java.util.ArrayList.forEach(ArrayList.java:1511)
Caused by: org.openqa.selenium.NoSuchElementException: no such element: Unable to locate element: {"method":"xpath","selector":"//input[@id='login-username']"}
  (Session info: chrome=127.0.6533.99)
For documentation on this error, please visit: https://www.seleniumhq.org/exceptions/no_such_element.html
Build info: version: '3.141.59', revision: 'e82be7d358', time: '2018-11-14T08:17:03'
System info: host: 'sebin', ip: '127.0.1.1', os.name: 'Linux', os.arch: 'amd64', os.version: '6.8.0-52-generic', java.version: '17.0.7'
Driver info: org.openqa.selenium.chrome.ChromeDriver
Capabilities {acceptInsecureCerts: false, browserName: chrome, browserVersion: 127.0.6533.99, chrome: {chromedriverVersion: 127.0.6533.99 (f31af5097d90..., userDataDir: /tmp/.org.chromium.Chromium...}, fedcm:accounts: true, goog:chromeOptions: {debuggerAddress: localhost:33947}, javascriptEnabled: true, networkConnectionEnabled: false, pageLoadStrategy: normal, platform: LINUX, platformName: LINUX, proxy: Proxy(), setWindowRect: true, strictFileInteractability: false, timeouts: {implicit: 0, pageLoad: 300000, script: 30000}, unhandledPromptBehavior: dismiss and notify, webauthn:extension:credBlob: true, webauthn:extension:largeBlob: true, webauthn:extension:minPinLength: true, webauthn:extension:prf: true, webauthn:virtualAuthenticators: true}
Session ID: 5c5623579202297e61319ce0947bbbc9
*** Element info: {Using=xpath, value=//input[@id='login-username']}
at org.openqa.selenium.remote.http.W3CHttpResponseCodec.createException(W3CHttpResponseCodec.java:187)
at org.openqa.selenium.remote.http.W3CHttpResponseCodec.decode(W3CHttpResponseCodec.java:122)
at org.openqa.selenium.remote.http.W3CHttpResponseCodec.decode(W3CHttpResponseCodec.java:49)
at org.openqa.selenium.remote.HttpCommandExecutor.execute(HttpCommandExecutor.java:158)
at org.openqa.selenium.remote.service.DriverCommandExecutor.execute(DriverCommandExecutor.java:83)
at org.openqa.selenium.remote.RemoteWebDriver.execute(RemoteWebDriver.java:552)
at org.openqa.selenium.remote.RemoteWebDriver.findElement(RemoteWebDriver.java:323)
at org.openqa.selenium.remote.RemoteWebDriver.findElementByXPath(RemoteWebDriver.java:428)
at org.openqa.selenium.By$ByXPath.findElement(By.java:353)
at org.openqa.selenium.remote.RemoteWebDriver.findElement(RemoteWebDriver.java:315)
at org.openqa.selenium.support.ui.ExpectedConditions$6.apply(ExpectedConditions.java:182)
at org.openqa.selenium.support.ui.ExpectedConditions$6.apply(ExpectedConditions.java:179)
at org.openqa.selenium.support.ui.FluentWait.until(FluentWait.java:249)
... 33 more
... Removed 33 stack frames]]>
    </failure>
  </testcase> <!-- loginAsKtusupport -->
  <testcase classname="com.ospyn.ktu.test.FeeWaiver" name="logout" time="4.698"/>
  <testcase classname="com.ospyn.ktu.test.FeeWaiver" name="loginAsInstitue" time="0.0">
    <ignored/>
  </testcase> <!-- loginAsInstitue -->
  <testcase classname="com.ospyn.ktu.test.FeeWaiver" name="verifyAmtAndDescription" time="0.0">
    <ignored/>
  </testcase> <!-- verifyAmtAndDescription -->
  <testcase classname="com.ospyn.ktu.test.FeeWaiver" name="addAdditionalFeeCollection" time="0.0">
    <ignored/>
  </testcase> <!-- addAdditionalFeeCollection -->
</testsuite> <!-- Mark Correction-Failing a passed student -->
